2025-03-06T13:39:08.976Z [info]: Server is listening on http://localhost:3000
2025-03-06T13:51:25.456Z [info]: Server is listening on http://localhost:3000
2025-03-06T15:11:59.144Z [info]: Server is listening on http://localhost:3000
2025-03-06T15:12:24.079Z [info]: [${req.method}]: ${req.url}
2025-03-06T15:12:42.710Z [info]: Server is listening on http://localhost:3000
2025-03-06T15:23:51.329Z [info]: Server is listening on http://localhost:3000
2025-03-06T15:24:07.837Z [info]: [${req.method}]: [${req.url}]
2025-03-06T15:24:45.118Z [info]: Server is listening on http://localhost:3000
2025-03-06T15:29:26.482Z [info]: Server is listening on http://localhost:3000
2025-03-06T15:29:32.852Z [info]: GET: /get
2025-03-06T15:29:52.027Z [info]: GET: /can
2025-03-06T15:35:22.034Z [info]: GET: /items/
2025-03-06T15:36:43.119Z [info]: Server is listening on http://localhost:3000
2025-03-06T15:36:47.838Z [info]: GET: /items/
2025-03-06T15:37:30.400Z [info]: Server is listening on http://localhost:3000
2025-03-06T15:37:36.873Z [info]: GET: /items/
2025-03-06T15:44:00.142Z [info]: Server is listening on http://localhost:3000
2025-03-06T15:44:05.351Z [info]: GET: /items/
2025-03-06T15:45:18.533Z [info]: Server is listening on http://localhost:3000
2025-03-06T15:45:21.680Z [info]: GET: /items/
2025-03-06T15:46:25.058Z [info]: Server is listening on http://localhost:3000
2025-03-06T15:46:28.677Z [info]: GET: /items/
2025-03-06T15:50:04.832Z [info]: Server is listening on http://localhost:3000
2025-03-06T15:50:08.930Z [info]: GET: /items/
2025-03-06T15:51:11.264Z [info]: Server is listening on http://localhost:3000
2025-03-06T15:51:15.563Z [info]: GET: /items/
2025-03-06T15:52:30.860Z [info]: Server is listening on http://localhost:3000
2025-03-06T15:52:35.100Z [info]: GET: /items/
2025-03-06T16:03:46.817Z [info]: Server is listening on http://localhost:3000
2025-03-06T16:03:51.422Z [info]: GET: /items/
2025-03-06T16:03:51.423Z [info]: ,items,
2025-03-06T16:05:06.050Z [info]: Server is listening on http://localhost:3000
2025-03-06T16:05:11.306Z [info]: GET: /items/
2025-03-06T16:05:11.308Z [info]: ,items,
2025-03-06T16:05:11.308Z [info]: GET request made
2025-03-06T16:05:12.878Z [info]: GET: /items/
2025-03-06T16:05:12.878Z [info]: ,items,
2025-03-06T16:05:12.879Z [info]: GET request made
2025-03-06T17:50:00.441Z [info]: Server is listening on http://localhost:3000
2025-03-06T17:50:16.171Z [info]: POST: /items/
2025-03-06T17:56:41.268Z [info]: Server is listening on http://localhost:3000
2025-03-06T17:56:45.399Z [info]: POST: /items/
2025-03-06T17:57:23.128Z [info]: Server is listening on http://localhost:3000
2025-03-06T17:57:27.105Z [info]: POST: /items/
2025-03-06T18:01:29.878Z [info]: Server is listening on http://localhost:3000
2025-03-06T18:01:33.279Z [info]: POST: /items/
2025-03-06T18:03:38.950Z [info]: Server is listening on http://localhost:3000
2025-03-06T18:03:42.672Z [info]: POST: /items/
2025-03-06T18:07:39.483Z [info]: Server is listening on http://localhost:3000
2025-03-06T18:07:43.190Z [info]: POST: /items/
2025-03-06T18:08:02.743Z [info]: Server is listening on http://localhost:3000
2025-03-06T18:08:05.404Z [info]: POST: /items/
2025-03-06T18:08:22.419Z [info]: Server is listening on http://localhost:3000
2025-03-06T18:08:25.466Z [info]: POST: /items/
2025-03-06T18:08:25.467Z [info]: ,items,
2025-03-06T18:08:25.468Z [info]: adding item to the list...
2025-03-06T18:08:25.468Z [info]: item added to grocery list [object Object]
2025-03-06T18:10:21.473Z [info]: Server is listening on http://localhost:3000
2025-03-06T18:10:28.540Z [info]: POST: /items/
2025-03-06T18:10:28.541Z [info]: ,items,
2025-03-06T18:10:28.542Z [info]: adding item to the list...
2025-03-06T18:10:28.542Z [info]: item added to grocery list false
2025-03-06T18:11:09.193Z [info]: Server is listening on http://localhost:3000
2025-03-06T18:11:12.055Z [info]: POST: /items/
2025-03-06T18:11:12.056Z [info]: ,items,
2025-03-06T18:11:12.057Z [info]: adding item to the list...
2025-03-06T18:11:12.057Z [info]: item added to grocery list apple
2025-03-06T18:12:21.397Z [info]: Server is listening on http://localhost:3000
2025-03-06T18:12:25.397Z [info]: POST: /items/
2025-03-06T18:12:25.398Z [info]: ,items,
2025-03-06T18:12:25.399Z [info]: adding item to the list...
2025-03-06T18:12:25.399Z [info]: item added to grocery list apple, 5, 10
2025-03-06T18:18:56.589Z [info]: POST: /items/
2025-03-06T18:18:56.589Z [info]: ,items,
2025-03-06T18:18:56.589Z [info]: adding item to the list...
2025-03-06T18:18:56.589Z [info]: item added to grocery list orange, 8, 10
2025-03-06T18:22:59.242Z [info]: Server is listening on http://localhost:3000
2025-03-06T18:23:10.065Z [info]: POST: /items/
2025-03-06T18:23:10.067Z [info]: ,items,
2025-03-06T20:29:22.764Z [info]: Server is listening on http://localhost:3000
2025-03-06T20:29:32.963Z [info]: POST: /items/
2025-03-06T20:29:32.964Z [info]: ,items,
2025-03-06T20:29:32.965Z [info]: adding item to the list...
2025-03-06T20:29:32.965Z [info]: item added to grocery list, name: orange, quantity:
         8, price: 10
2025-03-06T20:29:34.777Z [info]: POST: /items/
2025-03-06T20:29:34.777Z [info]: ,items,
2025-03-06T20:29:34.778Z [info]: adding item to the list...
2025-03-06T20:29:34.778Z [info]: item added to grocery list, name: orange, quantity:
         8, price: 10
2025-03-06T20:29:36.384Z [info]: POST: /items/
2025-03-06T20:29:36.384Z [info]: ,items,
2025-03-06T20:29:36.385Z [info]: adding item to the list...
2025-03-06T20:29:36.385Z [info]: item added to grocery list, name: orange, quantity:
         8, price: 10
2025-03-06T20:29:37.453Z [info]: POST: /items/
2025-03-06T20:29:37.453Z [info]: ,items,
2025-03-06T20:29:37.453Z [info]: adding item to the list...
2025-03-06T20:29:37.453Z [info]: item added to grocery list, name: orange, quantity:
         8, price: 10
2025-03-06T20:29:50.542Z [info]: GET: /items/
2025-03-06T20:29:50.542Z [info]: ,items,
2025-03-06T20:29:50.543Z [info]: GET request made
2025-03-06T20:31:01.230Z [info]: Server is listening on http://localhost:3000
2025-03-06T20:31:07.827Z [info]: POST: /items/
2025-03-06T20:31:07.829Z [info]: ,items,
2025-03-06T20:31:07.829Z [info]: adding item to the list...
2025-03-06T20:31:07.830Z [info]: item added to grocery list, name: orange, quantity:
         8, price: 10
2025-03-06T20:31:08.869Z [info]: POST: /items/
2025-03-06T20:31:08.869Z [info]: ,items,
2025-03-06T20:31:08.869Z [info]: adding item to the list...
2025-03-06T20:31:08.870Z [info]: item added to grocery list, name: orange, quantity:
         8, price: 10
2025-03-06T20:31:09.609Z [info]: POST: /items/
2025-03-06T20:31:09.610Z [info]: ,items,
2025-03-06T20:31:09.610Z [info]: adding item to the list...
2025-03-06T20:31:09.610Z [info]: item added to grocery list, name: orange, quantity:
         8, price: 10
2025-03-06T20:31:10.393Z [info]: POST: /items/
2025-03-06T20:31:10.393Z [info]: ,items,
2025-03-06T20:31:10.394Z [info]: adding item to the list...
2025-03-06T20:31:10.394Z [info]: item added to grocery list, name: orange, quantity:
         8, price: 10
2025-03-06T20:31:11.155Z [info]: POST: /items/
2025-03-06T20:31:11.155Z [info]: ,items,
2025-03-06T20:31:11.155Z [info]: adding item to the list...
2025-03-06T20:31:11.155Z [info]: item added to grocery list, name: orange, quantity:
         8, price: 10
2025-03-06T20:31:22.858Z [info]: GET: /items/
2025-03-06T20:31:22.859Z [info]: ,items,
2025-03-06T20:31:22.859Z [info]: GET request made
2025-03-06T20:31:22.859Z [info]: Displaying grocery list...
2025-03-06T20:31:22.859Z [info]: [object Object],[object Object],[object Object],[object Object],[object Object]
2025-03-06T20:58:51.806Z [info]: Server is listening on http://localhost:3000
2025-03-06T20:58:59.162Z [info]: GET: /items/
2025-03-06T20:58:59.163Z [info]: ,items,
2025-03-06T20:58:59.164Z [info]: GET request made
2025-03-06T20:58:59.164Z [info]: Displaying grocery list...
2025-03-06T20:59:06.630Z [info]: POST: /items/
2025-03-06T20:59:06.632Z [info]: ,items,
2025-03-06T20:59:06.632Z [info]: adding item to the list...
2025-03-06T20:59:06.632Z [info]: item added to grocery list, name: orange, quantity:
         8, price: 10
2025-03-06T20:59:07.465Z [info]: POST: /items/
2025-03-06T20:59:07.465Z [info]: ,items,
2025-03-06T20:59:07.466Z [info]: adding item to the list...
2025-03-06T20:59:07.466Z [info]: item added to grocery list, name: orange, quantity:
         8, price: 10
2025-03-06T20:59:08.197Z [info]: POST: /items/
2025-03-06T20:59:08.198Z [info]: ,items,
2025-03-06T20:59:08.198Z [info]: adding item to the list...
2025-03-06T20:59:08.198Z [info]: item added to grocery list, name: orange, quantity:
         8, price: 10
2025-03-06T20:59:08.837Z [info]: POST: /items/
2025-03-06T20:59:08.837Z [info]: ,items,
2025-03-06T20:59:08.837Z [info]: adding item to the list...
2025-03-06T20:59:08.838Z [info]: item added to grocery list, name: orange, quantity:
         8, price: 10
2025-03-06T20:59:09.729Z [info]: POST: /items/
2025-03-06T20:59:09.729Z [info]: ,items,
2025-03-06T20:59:09.729Z [info]: adding item to the list...
2025-03-06T20:59:09.729Z [info]: item added to grocery list, name: orange, quantity:
         8, price: 10
2025-03-06T20:59:13.886Z [info]: GET: /items/
2025-03-06T20:59:13.887Z [info]: ,items,
2025-03-06T20:59:13.887Z [info]: GET request made
2025-03-06T20:59:13.887Z [info]: Displaying grocery list...
2025-03-06T20:59:35.328Z [info]: DELETE: /items/
2025-03-06T21:08:40.836Z [info]: Server is listening on http://localhost:3000
2025-03-06T21:08:48.242Z [info]: DELETE: /items/
2025-03-06T21:08:48.244Z [info]: ,items,
2025-03-06T21:09:06.799Z [info]: POST: /items/
2025-03-06T21:09:06.800Z [info]: ,items,
2025-03-06T21:09:06.800Z [info]: adding item to the list...
2025-03-06T21:09:06.800Z [info]: item added to grocery list, name: orange, quantity:
         8, price: 10
2025-03-06T21:09:07.655Z [info]: POST: /items/
2025-03-06T21:09:07.656Z [info]: ,items,
2025-03-06T21:09:07.656Z [info]: adding item to the list...
2025-03-06T21:09:07.657Z [info]: item added to grocery list, name: orange, quantity:
         8, price: 10
2025-03-06T21:09:08.388Z [info]: POST: /items/
2025-03-06T21:09:08.388Z [info]: ,items,
2025-03-06T21:09:08.389Z [info]: adding item to the list...
2025-03-06T21:09:08.389Z [info]: item added to grocery list, name: orange, quantity:
         8, price: 10
2025-03-06T21:09:09.085Z [info]: POST: /items/
2025-03-06T21:09:09.085Z [info]: ,items,
2025-03-06T21:09:09.086Z [info]: adding item to the list...
2025-03-06T21:09:09.086Z [info]: item added to grocery list, name: orange, quantity:
         8, price: 10
2025-03-06T21:09:09.813Z [info]: POST: /items/
2025-03-06T21:09:09.813Z [info]: ,items,
2025-03-06T21:09:09.813Z [info]: adding item to the list...
2025-03-06T21:09:09.814Z [info]: item added to grocery list, name: orange, quantity:
         8, price: 10
2025-03-06T21:09:15.848Z [info]: GET: /items/
2025-03-06T21:09:15.848Z [info]: ,items,
2025-03-06T21:09:15.848Z [info]: GET request made
2025-03-06T21:09:15.849Z [info]: Displaying grocery list...
2025-03-06T21:09:29.166Z [info]: DELETE: /items/
2025-03-06T21:09:29.166Z [info]: ,items,
2025-03-06T21:09:29.167Z [info]: item found, removing item...
2025-03-06T21:09:29.167Z [info]: Item successfully removed!

2025-03-06T21:11:51.272Z [info]: DELETE: /items/
2025-03-06T21:11:51.273Z [info]: ,items,
2025-03-06T21:11:51.273Z [info]: item found, removing item...
2025-03-06T21:11:51.273Z [info]: Item successfully removed!

2025-03-06T21:11:52.785Z [info]: DELETE: /items/
2025-03-06T21:11:52.786Z [info]: ,items,
2025-03-06T21:11:52.786Z [info]: item found, removing item...
2025-03-06T21:11:52.786Z [info]: Item successfully removed!

2025-03-06T21:11:53.514Z [info]: DELETE: /items/
2025-03-06T21:11:53.515Z [info]: ,items,
2025-03-06T21:11:53.515Z [info]: item found, removing item...
2025-03-06T21:11:53.515Z [info]: Item successfully removed!

2025-03-06T21:11:54.548Z [info]: DELETE: /items/
2025-03-06T21:11:54.548Z [info]: ,items,
2025-03-06T21:11:54.548Z [info]: item found, removing item...
2025-03-06T21:11:54.548Z [info]: Item successfully removed!

2025-03-06T21:11:55.490Z [info]: DELETE: /items/
2025-03-06T21:11:55.490Z [info]: ,items,
2025-03-06T21:12:06.031Z [info]: POST: /items/
2025-03-06T21:12:06.032Z [info]: ,items,
2025-03-06T21:12:06.032Z [info]: adding item to the list...
2025-03-06T21:12:06.032Z [info]: item added to grocery list, name: orange, quantity:
         8, price: 10
2025-03-06T21:12:06.768Z [info]: POST: /items/
2025-03-06T21:12:06.769Z [info]: ,items,
2025-03-06T21:12:06.769Z [info]: adding item to the list...
2025-03-06T21:12:06.769Z [info]: item added to grocery list, name: orange, quantity:
         8, price: 10
2025-03-06T21:12:10.149Z [info]: GET: /items/
2025-03-06T21:12:10.150Z [info]: ,items,
2025-03-06T21:12:10.150Z [info]: GET request made
2025-03-06T21:12:10.150Z [info]: Displaying grocery list...
